<?xml version="1.0" encoding="UTF-8"?>
<testng-results ignored="0" total="1" passed="1" failed="0" skipped="0">
  <reporter-output>
  </reporter-output>
  <suite started-at="2024-12-10T10:29:10 IST" name="Default suite" finished-at="2024-12-10T10:29:16 IST" duration-ms="6276">
    <groups>
    </groups>
    <test started-at="2024-12-10T10:29:10 IST" name="Default test" finished-at="2024-12-10T10:29:16 IST" duration-ms="6276">
      <class name="testScripts.LoginTest">
        <test-method signature="validLogin()[pri:0, instance:testScripts.LoginTest@5223e5ee]" started-at="2024-12-10T10:29:10 IST" name="validLogin" finished-at="2024-12-10T10:29:16 IST" duration-ms="6248" status="PASS">
          <reporter-output>
          </reporter-output>
        </test-method> <!-- validLogin -->
      </class> <!-- testScripts.LoginTest -->
    </test> <!-- Default test -->
  </suite> <!-- Default suite -->
</testng-results>
